16:00:09:086 [info ] Driver.java:48 main: webCrawler done
16:00:09:163 [info ] Driver.java:79 main: Starting server on port 8080...
16:00:35:189 [debug] DatabaseHandler.java:147 qtp1846412160-27: Tables found.
16:00:57:201 [debug] DatabaseHandler.java:252 qtp1846412160-29: Registering ywu.
16:01:17:586 [debug] DatabaseHandler.java:353 qtp1846412160-27: Authenticating user ywu.ywu
16:01:17:824 [debug] DatabaseHandler.java:441 qtp1846412160-29: update last login time ywu Thu Dec 12 16:01:17 PST 2013.
16:01:35:049 [debug] DatabaseHandler.java:353 qtp1846412160-29: Authenticating user ywu.ywu
16:01:35:274 [debug] DatabaseHandler.java:441 qtp1846412160-31: update last login time ywu Thu Dec 12 16:01:35 PST 2013.
16:01:50:346 [debug] DatabaseHandler.java:353 qtp1846412160-29: Authenticating user ywu.ywu
16:01:50:543 [debug] DatabaseHandler.java:525 qtp1846412160-29: change password
16:01:57:509 [debug] DatabaseHandler.java:441 qtp1846412160-29: update last login time ywu Thu Dec 12 16:01:57 PST 2013.
16:02:08:052 [debug] DatabaseHandler.java:353 qtp1846412160-29: Authenticating user ywu.1
16:02:08:284 [debug] DatabaseHandler.java:441 qtp1846412160-31: update last login time ywu Thu Dec 12 16:02:08 PST 2013.
16:02:32:314 [debug] DatabaseHandler.java:476 qtp1846412160-29: insert search historyywu give away
16:03:49:302 [debug] DatabaseHandler.java:252 qtp1846412160-33: Registering zzz.
16:03:54:519 [debug] DatabaseHandler.java:353 qtp1846412160-31: Authenticating user zzz.zzz
16:03:54:754 [debug] DatabaseHandler.java:441 qtp1846412160-33: update last login time zzz Thu Dec 12 16:03:54 PST 2013.
16:03:55:076 [debug] DatabaseHandler.java:441 qtp1846412160-33: update last login time zzz Thu Dec 12 16:03:55 PST 2013.
16:06:38:168 [debug] DatabaseHandler.java:441 qtp1846412160-34: update last login time ywu Thu Dec 12 16:06:38 PST 2013.
16:06:48:939 [debug] DatabaseHandler.java:476 qtp1846412160-35: insert search historyywu give away
16:07:41:089 [debug] DatabaseHandler.java:476 qtp1846412160-35: insert search historyywu holmes
16:07:56:698 [debug] DatabaseHandler.java:476 qtp1846412160-36: insert search historyywu a b c
16:08:05:005 [debug] DatabaseHandler.java:476 qtp1846412160-35: insert search historyywu a
16:09:54:048 [debug] DatabaseHandler.java:476 qtp1846412160-38: insert search historyywu give away
16:11:02:632 [debug] DatabaseHandler.java:476 qtp1846412160-38: insert search historyywu give away
16:12:26:387 [debug] DatabaseHandler.java:441 qtp1846412160-39: update last login time ywu Thu Dec 12 16:12:26 PST 2013.
16:12:47:186 [debug] DatabaseHandler.java:441 qtp1846412160-40: update last login time ywu Thu Dec 12 16:12:47 PST 2013.
16:12:58:430 [debug] DatabaseHandler.java:449 qtp1846412160-40: Failed to establish a database connection.
com.mysql.jdbc.exceptions.jdbc4.CommunicationsException: Communications link failure

The last packet successfully received from the server was 9,957 milliseconds ago.  The last packet sent successfully to the server was 9,957 milliseconds ago.
	at sun.reflect.NativeConstructorAccessorImpl.newInstance0(Native Method) ~[?:1.7.0_45]
	at sun.reflect.NativeConstructorAccessorImpl.newInstance(NativeConstructorAccessorImpl.java:57) ~[?:1.7.0_45]
	at sun.reflect.DelegatingConstructorAccessorImpl.newInstance(DelegatingConstructorAccessorImpl.java:45) ~[?:1.7.0_45]
	at java.lang.reflect.Constructor.newInstance(Constructor.java:526) ~[?:1.7.0_45]
	at com.mysql.jdbc.Util.handleNewInstance(Util.java:411) ~[mysql-connector-java-5.1.27-bin.jar:?]
	at com.mysql.jdbc.SQLError.createCommunicationsException(SQLError.java:1121) ~[mysql-connector-java-5.1.27-bin.jar:?]
	at com.mysql.jdbc.MysqlIO.reuseAndReadPacket(MysqlIO.java:3720) ~[mysql-connector-java-5.1.27-bin.jar:?]
	at com.mysql.jdbc.MysqlIO.reuseAndReadPacket(MysqlIO.java:3609) ~[mysql-connector-java-5.1.27-bin.jar:?]
	at com.mysql.jdbc.MysqlIO.checkErrorPacket(MysqlIO.java:4160) ~[mysql-connector-java-5.1.27-bin.jar:?]
	at com.mysql.jdbc.MysqlIO.checkErrorPacket(MysqlIO.java:928) ~[mysql-connector-java-5.1.27-bin.jar:?]
	at com.mysql.jdbc.MysqlIO.secureAuth411(MysqlIO.java:4736) ~[mysql-connector-java-5.1.27-bin.jar:?]
	at com.mysql.jdbc.MysqlIO.doHandshake(MysqlIO.java:1342) ~[mysql-connector-java-5.1.27-bin.jar:?]
	at com.mysql.jdbc.ConnectionImpl.coreConnect(ConnectionImpl.java:2493) ~[mysql-connector-java-5.1.27-bin.jar:?]
	at com.mysql.jdbc.ConnectionImpl.connectOneTryOnly(ConnectionImpl.java:2526) ~[mysql-connector-java-5.1.27-bin.jar:?]
	at com.mysql.jdbc.ConnectionImpl.createNewIO(ConnectionImpl.java:2311) ~[mysql-connector-java-5.1.27-bin.jar:?]
	at com.mysql.jdbc.ConnectionImpl.<init>(ConnectionImpl.java:834) ~[mysql-connector-java-5.1.27-bin.jar:?]
	at com.mysql.jdbc.JDBC4Connection.<init>(JDBC4Connection.java:47) ~[mysql-connector-java-5.1.27-bin.jar:?]
	at sun.reflect.GeneratedConstructorAccessor9.newInstance(Unknown Source) ~[?:?]
	at sun.reflect.DelegatingConstructorAccessorImpl.newInstance(DelegatingConstructorAccessorImpl.java:45) ~[?:1.7.0_45]
	at java.lang.reflect.Constructor.newInstance(Constructor.java:526) ~[?:1.7.0_45]
	at com.mysql.jdbc.Util.handleNewInstance(Util.java:411) ~[mysql-connector-java-5.1.27-bin.jar:?]
	at com.mysql.jdbc.ConnectionImpl.getInstance(ConnectionImpl.java:416) ~[mysql-connector-java-5.1.27-bin.jar:?]
	at com.mysql.jdbc.NonRegisteringDriver.connect(NonRegisteringDriver.java:347) ~[mysql-connector-java-5.1.27-bin.jar:?]
	at java.sql.DriverManager.getConnection(DriverManager.java:571) ~[?:1.7.0_45]
	at java.sql.DriverManager.getConnection(DriverManager.java:187) ~[?:1.7.0_45]
	at DatabaseConnector.getConnection(DatabaseConnector.java:105) ~[bin/:?]
	at DatabaseHandler.updateLastLoginTime(DatabaseHandler.java:443) [bin/:?]
	at LoginWelcomeServlet.doGet(LoginWelcomeServlet.java:18) [bin/:?]
	at javax.servlet.http.HttpServlet.service(HttpServlet.java:687) [javax.servlet-api-3.1.0.jar:3.1.0]
	at javax.servlet.http.HttpServlet.service(HttpServlet.java:790) [javax.servlet-api-3.1.0.jar:3.1.0]
	at org.eclipse.jetty.servlet.ServletHolder.handle(ServletHolder.java:696) [jetty-all-9.1.0.v20131115.jar:9.1.0.v20131115]
	at org.eclipse.jetty.servlet.ServletHandler.doHandle(ServletHandler.java:526) [jetty-all-9.1.0.v20131115.jar:9.1.0.v20131115]
	at org.eclipse.jetty.servlet.ServletHandler.doScope(ServletHandler.java:455) [jetty-all-9.1.0.v20131115.jar:9.1.0.v20131115]
	at org.eclipse.jetty.server.handler.ScopedHandler.handle(ScopedHandler.java:141) [jetty-all-9.1.0.v20131115.jar:9.1.0.v20131115]
	at org.eclipse.jetty.server.handler.HandlerWrapper.handle(HandlerWrapper.java:97) [jetty-all-9.1.0.v20131115.jar:9.1.0.v20131115]
	at org.eclipse.jetty.server.Server.handle(Server.java:459) [jetty-all-9.1.0.v20131115.jar:9.1.0.v20131115]
	at org.eclipse.jetty.server.HttpChannel.handle(HttpChannel.java:280) [jetty-all-9.1.0.v20131115.jar:9.1.0.v20131115]
	at org.eclipse.jetty.server.HttpConnection.onFillable(HttpConnection.java:229) [jetty-all-9.1.0.v20131115.jar:9.1.0.v20131115]
	at org.eclipse.jetty.io.AbstractConnection$1.run(AbstractConnection.java:505) [jetty-all-9.1.0.v20131115.jar:9.1.0.v20131115]
	at org.eclipse.jetty.util.thread.QueuedThreadPool.runJob(QueuedThreadPool.java:607) [jetty-all-9.1.0.v20131115.jar:9.1.0.v20131115]
	at org.eclipse.jetty.util.thread.QueuedThreadPool$3.run(QueuedThreadPool.java:536) [jetty-all-9.1.0.v20131115.jar:9.1.0.v20131115]
	at java.lang.Thread.run(Thread.java:744) [?:1.7.0_45]
Caused by: java.io.EOFException: Can not read response from server. Expected to read 4 bytes, read 0 bytes before connection was unexpectedly lost.
	at com.mysql.jdbc.MysqlIO.readFully(MysqlIO.java:3166) ~[mysql-connector-java-5.1.27-bin.jar:?]
	at com.mysql.jdbc.MysqlIO.reuseAndReadPacket(MysqlIO.java:3620) ~[mysql-connector-java-5.1.27-bin.jar:?]
	... 35 more
16:13:24:197 [debug] DatabaseHandler.java:476 qtp1846412160-39: insert search historyzzz ccc
16:13:24:482 [debug] DatabaseHandler.java:441 qtp1846412160-39: update last login time zzz Thu Dec 12 16:13:24 PST 2013.
16:13:26:463 [debug] DatabaseHandler.java:441 qtp1846412160-39: update last login time zzz Thu Dec 12 16:13:26 PST 2013.
16:13:40:427 [debug] DatabaseHandler.java:441 qtp1846412160-41: update last login time ywu Thu Dec 12 16:13:40 PST 2013.
